Start reading input files ......
Start variant annotation......
NOTICE: Finished reading 14985 lines from VCF file
NOTICE: A total of 14740 locus in VCF file passed QC threshold, representing 13457 SNPs (10115 transitions and 3342 transversions) and 1289 indels/substitutions
NOTICE: Finished writing 13457 SNP genotypes (10115 transitions and 3342 transversions) and 1289 indels/substitutions for 1 sample
NOTICE: The --geneanno operation is set to ON by default
NOTICE: Output files are written to ../temp/JURKAT_SMART/folder_int_files/Input_annovar_ensGeneAnnot_SRR8158669_JURKAT_SMART-seq.variant_function, ../temp/JURKAT_SMART/folder_int_files/Input_annovar_ensGeneAnnot_SRR8158669_JURKAT_SMART-seq.exonic_variant_function
NOTICE: Reading gene annotation from /home/ns362/park_lab/Ning/software/annovar/humandb/hg38_ensGene.txt ... Done with 89732 transcripts (including 28806 without coding sequence annotation) for 42087 unique genes
NOTICE: Processing next batch with 14710 unique variants in 14710 input lines
NOTICE: Reading FASTA sequences from /home/ns362/park_lab/Ning/software/annovar/humandb/hg38_ensGeneMrna.fa ... Done with 6902 sequences
WARNING: A total of 2353 sequences cannot be found in /home/ns362/park_lab/Ning/software/annovar/humandb/hg38_ensGeneMrna.fa
 (example: ENST00000324266.9#2#3379685 ENST00000216271.9#22#50245182 ENST00000397149.3#9#33041763)
WARNING: A total of 385 sequences will be ignored due to lack of correct ORF annotation
Start common SNP filter ......
NOTICE: Output file with variants matching filtering criteria is written to ../temp/JURKAT_SMART/folder_int_files/Filter_annovar_gnomad_fil_SRR8158669_JURKAT_SMART-seq.hg38_gnomad30_genome_dropped, and output file with other variants is written to ../temp/JURKAT_SMART/folder_int_files/Filter_annovar_gnomad_fil_SRR8158669_JURKAT_SMART-seq.hg38_gnomad30_genome_filtered
NOTICE: Processing next batch with 5308 unique variants in 5308 input lines
NOTICE: Database index loaded. Total number of bins is 2860873 and the number of bins to be scanned is 4646
NOTICE: Scanning filter database /home/ns362/park_lab/Ning/software/annovar/humandb/hg38_gnomad30_genome.txt...Done
NOTICE: Output file with variants matching filtering criteria is written to ../temp/JURKAT_SMART/folder_int_files/Filter_annovar_dbsnp_fil_SRR8158669_JURKAT_SMART-seq.hg38_avsnp147_dropped, and output file with other variants is written to ../temp/JURKAT_SMART/folder_int_files/Filter_annovar_dbsnp_fil_SRR8158669_JURKAT_SMART-seq.hg38_avsnp147_filtered
NOTICE: Processing next batch with 1650 unique variants in 1650 input lines
NOTICE: Database index loaded. Total number of bins is 27843692 and the number of bins to be scanned is 1613
NOTICE: Scanning filter database /home/ns362/park_lab/Ning/software/annovar/humandb/hg38_avsnp147.txt...Done
NOTICE: the --dbtype generic is assumed to be in generic ANNOVAR database format
NOTICE: Output file with variants matching filtering criteria is written to ../temp/JURKAT_SMART/folder_int_files/Filter_annovar_rnaedit_fil_SRR8158669_JURKAT_SMART-seq.hg38_generic_dropped, and output file with other variants is written to ../temp/JURKAT_SMART/folder_int_files/Filter_annovar_rnaedit_fil_SRR8158669_JURKAT_SMART-seq.hg38_generic_filtered
NOTICE: Processing next batch with 1491 unique variants in 1491 input lines
NOTICE: Scanning filter database /home/ns362/park_lab/Ning/software/annovar/humandb/hg38_RNAedit.txt...Done
Testing overlap with 2nd caller ......
Start variant annotation......
NOTICE: Finished reading 11056 lines from VCF file
NOTICE: A total of 10811 locus in VCF file passed QC threshold, representing 9919 SNPs (7433 transitions and 2486 transversions) and 896 indels/substitutions
NOTICE: Finished writing 9919 SNP genotypes (7433 transitions and 2486 transversions) and 896 indels/substitutions for 1 sample
NOTICE: The --geneanno operation is set to ON by default
NOTICE: Output files are written to ../temp/JURKAT_SMART/folder_int_files/Input_annovar_ensGeneAnnot_SRR8158670_JURKAT_SMART-seq.variant_function, ../temp/JURKAT_SMART/folder_int_files/Input_annovar_ensGeneAnnot_SRR8158670_JURKAT_SMART-seq.exonic_variant_function
NOTICE: Reading gene annotation from /home/ns362/park_lab/Ning/software/annovar/humandb/hg38_ensGene.txt ... Done with 89732 transcripts (including 28806 without coding sequence annotation) for 42087 unique genes
NOTICE: Processing next batch with 10777 unique variants in 10777 input lines
NOTICE: Reading FASTA sequences from /home/ns362/park_lab/Ning/software/annovar/humandb/hg38_ensGeneMrna.fa ... Done with 5891 sequences
WARNING: A total of 2036 sequences cannot be found in /home/ns362/park_lab/Ning/software/annovar/humandb/hg38_ensGeneMrna.fa
 (example: ENST00000316461.8#11#62728538 ENST00000317799.9#2#26244894 ENST00000345523.8#19#50797703)
WARNING: A total of 385 sequences will be ignored due to lack of correct ORF annotation
Start common SNP filter ......
NOTICE: Output file with variants matching filtering criteria is written to ../temp/JURKAT_SMART/folder_int_files/Filter_annovar_gnomad_fil_SRR8158670_JURKAT_SMART-seq.hg38_gnomad30_genome_dropped, and output file with other variants is written to ../temp/JURKAT_SMART/folder_int_files/Filter_annovar_gnomad_fil_SRR8158670_JURKAT_SMART-seq.hg38_gnomad30_genome_filtered
NOTICE: Processing next batch with 4453 unique variants in 4453 input lines
NOTICE: Database index loaded. Total number of bins is 2860873 and the number of bins to be scanned is 3915
NOTICE: Scanning filter database /home/ns362/park_lab/Ning/software/annovar/humandb/hg38_gnomad30_genome.txt...Done
NOTICE: Output file with variants matching filtering criteria is written to ../temp/JURKAT_SMART/folder_int_files/Filter_annovar_dbsnp_fil_SRR8158670_JURKAT_SMART-seq.hg38_avsnp147_dropped, and output file with other variants is written to ../temp/JURKAT_SMART/folder_int_files/Filter_annovar_dbsnp_fil_SRR8158670_JURKAT_SMART-seq.hg38_avsnp147_filtered
NOTICE: Processing next batch with 1296 unique variants in 1296 input lines
NOTICE: Database index loaded. Total number of bins is 27843692 and the number of bins to be scanned is 1258
NOTICE: Scanning filter database /home/ns362/park_lab/Ning/software/annovar/humandb/hg38_avsnp147.txt...Done
NOTICE: the --dbtype generic is assumed to be in generic ANNOVAR database format
NOTICE: Output file with variants matching filtering criteria is written to ../temp/JURKAT_SMART/folder_int_files/Filter_annovar_rnaedit_fil_SRR8158670_JURKAT_SMART-seq.hg38_generic_dropped, and output file with other variants is written to ../temp/JURKAT_SMART/folder_int_files/Filter_annovar_rnaedit_fil_SRR8158670_JURKAT_SMART-seq.hg38_generic_filtered
NOTICE: Processing next batch with 1167 unique variants in 1167 input lines
NOTICE: Scanning filter database /home/ns362/park_lab/Ning/software/annovar/humandb/hg38_RNAedit.txt...Done
Testing overlap with 2nd caller ......
Start variant annotation......
NOTICE: Finished reading 16186 lines from VCF file
NOTICE: A total of 15941 locus in VCF file passed QC threshold, representing 14317 SNPs (10765 transitions and 3552 transversions) and 1632 indels/substitutions
NOTICE: Finished writing 14317 SNP genotypes (10765 transitions and 3552 transversions) and 1632 indels/substitutions for 1 sample
NOTICE: The --geneanno operation is set to ON by default
NOTICE: Output files are written to ../temp/JURKAT_SMART/folder_int_files/Input_annovar_ensGeneAnnot_SRR8158671_JURKAT_SMART-seq.variant_function, ../temp/JURKAT_SMART/folder_int_files/Input_annovar_ensGeneAnnot_SRR8158671_JURKAT_SMART-seq.exonic_variant_function
NOTICE: Reading gene annotation from /home/ns362/park_lab/Ning/software/annovar/humandb/hg38_ensGene.txt ... Done with 89732 transcripts (including 28806 without coding sequence annotation) for 42087 unique genes
NOTICE: Processing next batch with 15913 unique variants in 15913 input lines
NOTICE: Reading FASTA sequences from /home/ns362/park_lab/Ning/software/annovar/humandb/hg38_ensGeneMrna.fa ... Done with 6745 sequences
WARNING: A total of 2324 sequences cannot be found in /home/ns362/park_lab/Ning/software/annovar/humandb/hg38_ensGeneMrna.fa
 (example: ENST00000306585.8#16#69118009 ENST00000366988.4#1#212432886 ENST00000273158.8#3#39383347)
WARNING: A total of 385 sequences will be ignored due to lack of correct ORF annotation
Start common SNP filter ......
NOTICE: Output file with variants matching filtering criteria is written to ../temp/JURKAT_SMART/folder_int_files/Filter_annovar_gnomad_fil_SRR8158671_JURKAT_SMART-seq.hg38_gnomad30_genome_dropped, and output file with other variants is written to ../temp/JURKAT_SMART/folder_int_files/Filter_annovar_gnomad_fil_SRR8158671_JURKAT_SMART-seq.hg38_gnomad30_genome_filtered
NOTICE: Processing next batch with 5138 unique variants in 5138 input lines
NOTICE: Database index loaded. Total number of bins is 2860873 and the number of bins to be scanned is 4505
NOTICE: Scanning filter database /home/ns362/park_lab/Ning/software/annovar/humandb/hg38_gnomad30_genome.txt...Done
NOTICE: Output file with variants matching filtering criteria is written to ../temp/JURKAT_SMART/folder_int_files/Filter_annovar_dbsnp_fil_SRR8158671_JURKAT_SMART-seq.hg38_avsnp147_dropped, and output file with other variants is written to ../temp/JURKAT_SMART/folder_int_files/Filter_annovar_dbsnp_fil_SRR8158671_JURKAT_SMART-seq.hg38_avsnp147_filtered
NOTICE: Processing next batch with 1570 unique variants in 1570 input lines
NOTICE: Database index loaded. Total number of bins is 27843692 and the number of bins to be scanned is 1531
NOTICE: Scanning filter database /home/ns362/park_lab/Ning/software/annovar/humandb/hg38_avsnp147.txt...Done
NOTICE: the --dbtype generic is assumed to be in generic ANNOVAR database format
NOTICE: Output file with variants matching filtering criteria is written to ../temp/JURKAT_SMART/folder_int_files/Filter_annovar_rnaedit_fil_SRR8158671_JURKAT_SMART-seq.hg38_generic_dropped, and output file with other variants is written to ../temp/JURKAT_SMART/folder_int_files/Filter_annovar_rnaedit_fil_SRR8158671_JURKAT_SMART-seq.hg38_generic_filtered
NOTICE: Processing next batch with 1416 unique variants in 1416 input lines
NOTICE: Scanning filter database /home/ns362/park_lab/Ning/software/annovar/humandb/hg38_RNAedit.txt...Done
Testing overlap with 2nd caller ......
Start variant annotation......
NOTICE: Finished reading 14556 lines from VCF file
NOTICE: A total of 14311 locus in VCF file passed QC threshold, representing 12977 SNPs (9790 transitions and 3187 transversions) and 1337 indels/substitutions
NOTICE: Finished writing 12977 SNP genotypes (9790 transitions and 3187 transversions) and 1337 indels/substitutions for 1 sample
NOTICE: The --geneanno operation is set to ON by default
NOTICE: Output files are written to ../temp/JURKAT_SMART/folder_int_files/Input_annovar_ensGeneAnnot_SRR8158672_JURKAT_SMART-seq.variant_function, ../temp/JURKAT_SMART/folder_int_files/Input_annovar_ensGeneAnnot_SRR8158672_JURKAT_SMART-seq.exonic_variant_function
NOTICE: Reading gene annotation from /home/ns362/park_lab/Ning/software/annovar/humandb/hg38_ensGene.txt ... Done with 89732 transcripts (including 28806 without coding sequence annotation) for 42087 unique genes
NOTICE: Processing next batch with 14261 unique variants in 14261 input lines
NOTICE: Reading FASTA sequences from /home/ns362/park_lab/Ning/software/annovar/humandb/hg38_ensGeneMrna.fa ... Done with 6881 sequences
WARNING: A total of 2343 sequences cannot be found in /home/ns362/park_lab/Ning/software/annovar/humandb/hg38_ensGeneMrna.fa
 (example: ENST00000366994.7#1#211940400 ENST00000215980.9#22#41938720 ENST00000357495.3#13#52640785)
WARNING: A total of 385 sequences will be ignored due to lack of correct ORF annotation
Start common SNP filter ......
NOTICE: Output file with variants matching filtering criteria is written to ../temp/JURKAT_SMART/folder_int_files/Filter_annovar_gnomad_fil_SRR8158672_JURKAT_SMART-seq.hg38_gnomad30_genome_dropped, and output file with other variants is written to ../temp/JURKAT_SMART/folder_int_files/Filter_annovar_gnomad_fil_SRR8158672_JURKAT_SMART-seq.hg38_gnomad30_genome_filtered
NOTICE: Processing next batch with 5349 unique variants in 5349 input lines
NOTICE: Database index loaded. Total number of bins is 2860873 and the number of bins to be scanned is 4653
NOTICE: Scanning filter database /home/ns362/park_lab/Ning/software/annovar/humandb/hg38_gnomad30_genome.txt...Done
NOTICE: Output file with variants matching filtering criteria is written to ../temp/JURKAT_SMART/folder_int_files/Filter_annovar_dbsnp_fil_SRR8158672_JURKAT_SMART-seq.hg38_avsnp147_dropped, and output file with other variants is written to ../temp/JURKAT_SMART/folder_int_files/Filter_annovar_dbsnp_fil_SRR8158672_JURKAT_SMART-seq.hg38_avsnp147_filtered
NOTICE: Processing next batch with 1667 unique variants in 1667 input lines
NOTICE: Database index loaded. Total number of bins is 27843692 and the number of bins to be scanned is 1624
NOTICE: Scanning filter database /home/ns362/park_lab/Ning/software/annovar/humandb/hg38_avsnp147.txt...Done
NOTICE: the --dbtype generic is assumed to be in generic ANNOVAR database format
NOTICE: Output file with variants matching filtering criteria is written to ../temp/JURKAT_SMART/folder_int_files/Filter_annovar_rnaedit_fil_SRR8158672_JURKAT_SMART-seq.hg38_generic_dropped, and output file with other variants is written to ../temp/JURKAT_SMART/folder_int_files/Filter_annovar_rnaedit_fil_SRR8158672_JURKAT_SMART-seq.hg38_generic_filtered
NOTICE: Processing next batch with 1488 unique variants in 1488 input lines
NOTICE: Scanning filter database /home/ns362/park_lab/Ning/software/annovar/humandb/hg38_RNAedit.txt...Done
Testing overlap with 2nd caller ......
Start variant annotation......
NOTICE: Finished reading 15424 lines from VCF file
NOTICE: A total of 15179 locus in VCF file passed QC threshold, representing 13718 SNPs (10115 transitions and 3603 transversions) and 1473 indels/substitutions
NOTICE: Finished writing 13718 SNP genotypes (10115 transitions and 3603 transversions) and 1473 indels/substitutions for 1 sample
NOTICE: The --geneanno operation is set to ON by default
NOTICE: Output files are written to ../temp/JURKAT_SMART/folder_int_files/Input_annovar_ensGeneAnnot_SRR8158673_JURKAT_SMART-seq.variant_function, ../temp/JURKAT_SMART/folder_int_files/Input_annovar_ensGeneAnnot_SRR8158673_JURKAT_SMART-seq.exonic_variant_function
NOTICE: Reading gene annotation from /home/ns362/park_lab/Ning/software/annovar/humandb/hg38_ensGene.txt ... Done with 89732 transcripts (including 28806 without coding sequence annotation) for 42087 unique genes
NOTICE: Processing next batch with 15126 unique variants in 15126 input lines
NOTICE: Reading FASTA sequences from /home/ns362/park_lab/Ning/software/annovar/humandb/hg38_ensGeneMrna.fa ... Done with 6569 sequences
WARNING: A total of 2277 sequences cannot be found in /home/ns362/park_lab/Ning/software/annovar/humandb/hg38_ensGeneMrna.fa
 (example: ENST00000432280.2#6#39909046 ENST00000263997.10#16#68298034 ENST00000244137.11#19#33386949)
WARNING: A total of 385 sequences will be ignored due to lack of correct ORF annotation
Start common SNP filter ......
NOTICE: Output file with variants matching filtering criteria is written to ../temp/JURKAT_SMART/folder_int_files/Filter_annovar_gnomad_fil_SRR8158673_JURKAT_SMART-seq.hg38_gnomad30_genome_dropped, and output file with other variants is written to ../temp/JURKAT_SMART/folder_int_files/Filter_annovar_gnomad_fil_SRR8158673_JURKAT_SMART-seq.hg38_gnomad30_genome_filtered
NOTICE: Processing next batch with 5172 unique variants in 5172 input lines
NOTICE: Database index loaded. Total number of bins is 2860873 and the number of bins to be scanned is 4495
NOTICE: Scanning filter database /home/ns362/park_lab/Ning/software/annovar/humandb/hg38_gnomad30_genome.txt...Done
NOTICE: Output file with variants matching filtering criteria is written to ../temp/JURKAT_SMART/folder_int_files/Filter_annovar_dbsnp_fil_SRR8158673_JURKAT_SMART-seq.hg38_avsnp147_dropped, and output file with other variants is written to ../temp/JURKAT_SMART/folder_int_files/Filter_annovar_dbsnp_fil_SRR8158673_JURKAT_SMART-seq.hg38_avsnp147_filtered
NOTICE: Processing next batch with 1889 unique variants in 1889 input lines
NOTICE: Database index loaded. Total number of bins is 27843692 and the number of bins to be scanned is 1823
NOTICE: Scanning filter database /home/ns362/park_lab/Ning/software/annovar/humandb/hg38_avsnp147.txt...Done
NOTICE: the --dbtype generic is assumed to be in generic ANNOVAR database format
NOTICE: Output file with variants matching filtering criteria is written to ../temp/JURKAT_SMART/folder_int_files/Filter_annovar_rnaedit_fil_SRR8158673_JURKAT_SMART-seq.hg38_generic_dropped, and output file with other variants is written to ../temp/JURKAT_SMART/folder_int_files/Filter_annovar_rnaedit_fil_SRR8158673_JURKAT_SMART-seq.hg38_generic_filtered
NOTICE: Processing next batch with 1725 unique variants in 1725 input lines
NOTICE: Scanning filter database /home/ns362/park_lab/Ning/software/annovar/humandb/hg38_RNAedit.txt...Done
Testing overlap with 2nd caller ......
Start variant annotation......
NOTICE: Finished reading 14243 lines from VCF file
NOTICE: A total of 13998 locus in VCF file passed QC threshold, representing 12837 SNPs (9528 transitions and 3309 transversions) and 1167 indels/substitutions
NOTICE: Finished writing 12837 SNP genotypes (9528 transitions and 3309 transversions) and 1167 indels/substitutions for 1 sample
NOTICE: The --geneanno operation is set to ON by default
NOTICE: Output files are written to ../temp/JURKAT_SMART/folder_int_files/Input_annovar_ensGeneAnnot_SRR8158674_JURKAT_SMART-seq.variant_function, ../temp/JURKAT_SMART/folder_int_files/Input_annovar_ensGeneAnnot_SRR8158674_JURKAT_SMART-seq.exonic_variant_function
NOTICE: Reading gene annotation from /home/ns362/park_lab/Ning/software/annovar/humandb/hg38_ensGene.txt ... Done with 89732 transcripts (including 28806 without coding sequence annotation) for 42087 unique genes
NOTICE: Processing next batch with 13958 unique variants in 13958 input lines
NOTICE: Reading FASTA sequences from /home/ns362/park_lab/Ning/software/annovar/humandb/hg38_ensGeneMrna.fa ... Done with 7040 sequences
WARNING: A total of 2410 sequences cannot be found in /home/ns362/park_lab/Ning/software/annovar/humandb/hg38_ensGeneMrna.fa
 (example: ENST00000569669.5#8#144262101 ENST00000367303.8#6#151404853 ENST00000370202.4#1#95234154)
WARNING: A total of 385 sequences will be ignored due to lack of correct ORF annotation
Start common SNP filter ......
NOTICE: Output file with variants matching filtering criteria is written to ../temp/JURKAT_SMART/folder_int_files/Filter_annovar_gnomad_fil_SRR8158674_JURKAT_SMART-seq.hg38_gnomad30_genome_dropped, and output file with other variants is written to ../temp/JURKAT_SMART/folder_int_files/Filter_annovar_gnomad_fil_SRR8158674_JURKAT_SMART-seq.hg38_gnomad30_genome_filtered
NOTICE: Processing next batch with 5319 unique variants in 5319 input lines
NOTICE: Database index loaded. Total number of bins is 2860873 and the number of bins to be scanned is 4684
NOTICE: Scanning filter database /home/ns362/park_lab/Ning/software/annovar/humandb/hg38_gnomad30_genome.txt...Done
NOTICE: Output file with variants matching filtering criteria is written to ../temp/JURKAT_SMART/folder_int_files/Filter_annovar_dbsnp_fil_SRR8158674_JURKAT_SMART-seq.hg38_avsnp147_dropped, and output file with other variants is written to ../temp/JURKAT_SMART/folder_int_files/Filter_annovar_dbsnp_fil_SRR8158674_JURKAT_SMART-seq.hg38_avsnp147_filtered
NOTICE: Processing next batch with 1582 unique variants in 1582 input lines
NOTICE: Database index loaded. Total number of bins is 27843692 and the number of bins to be scanned is 1542
NOTICE: Scanning filter database /home/ns362/park_lab/Ning/software/annovar/humandb/hg38_avsnp147.txt...Done
NOTICE: the --dbtype generic is assumed to be in generic ANNOVAR database format
NOTICE: Output file with variants matching filtering criteria is written to ../temp/JURKAT_SMART/folder_int_files/Filter_annovar_rnaedit_fil_SRR8158674_JURKAT_SMART-seq.hg38_generic_dropped, and output file with other variants is written to ../temp/JURKAT_SMART/folder_int_files/Filter_annovar_rnaedit_fil_SRR8158674_JURKAT_SMART-seq.hg38_generic_filtered
NOTICE: Processing next batch with 1417 unique variants in 1417 input lines
NOTICE: Scanning filter database /home/ns362/park_lab/Ning/software/annovar/humandb/hg38_RNAedit.txt...Done
Testing overlap with 2nd caller ......
Start variant annotation......
NOTICE: Finished reading 12672 lines from VCF file
NOTICE: A total of 12427 locus in VCF file passed QC threshold, representing 11067 SNPs (8294 transitions and 2773 transversions) and 1367 indels/substitutions
NOTICE: Finished writing 11067 SNP genotypes (8294 transitions and 2773 transversions) and 1367 indels/substitutions for 1 sample
NOTICE: The --geneanno operation is set to ON by default
NOTICE: Output files are written to ../temp/JURKAT_SMART/folder_int_files/Input_annovar_ensGeneAnnot_SRR8158808_JURKAT_SMART-seq.variant_function, ../temp/JURKAT_SMART/folder_int_files/Input_annovar_ensGeneAnnot_SRR8158808_JURKAT_SMART-seq.exonic_variant_function
NOTICE: Reading gene annotation from /home/ns362/park_lab/Ning/software/annovar/humandb/hg38_ensGene.txt ... Done with 89732 transcripts (including 28806 without coding sequence annotation) for 42087 unique genes
NOTICE: Processing next batch with 12400 unique variants in 12400 input lines
NOTICE: Reading FASTA sequences from /home/ns362/park_lab/Ning/software/annovar/humandb/hg38_ensGeneMrna.fa ... Done with 5929 sequences
WARNING: A total of 2068 sequences cannot be found in /home/ns362/park_lab/Ning/software/annovar/humandb/hg38_ensGeneMrna.fa
 (example: ENST00000374767.4#9#104747687 ENST00000544040.5#12#6570082 ENST00000394391.8#16#57428168)
WARNING: A total of 385 sequences will be ignored due to lack of correct ORF annotation
Start common SNP filter ......
NOTICE: Output file with variants matching filtering criteria is written to ../temp/JURKAT_SMART/folder_int_files/Filter_annovar_gnomad_fil_SRR8158808_JURKAT_SMART-seq.hg38_gnomad30_genome_dropped, and output file with other variants is written to ../temp/JURKAT_SMART/folder_int_files/Filter_annovar_gnomad_fil_SRR8158808_JURKAT_SMART-seq.hg38_gnomad30_genome_filtered
NOTICE: Processing next batch with 4568 unique variants in 4568 input lines
NOTICE: Database index loaded. Total number of bins is 2860873 and the number of bins to be scanned is 4032
NOTICE: Scanning filter database /home/ns362/park_lab/Ning/software/annovar/humandb/hg38_gnomad30_genome.txt...Done
NOTICE: Output file with variants matching filtering criteria is written to ../temp/JURKAT_SMART/folder_int_files/Filter_annovar_dbsnp_fil_SRR8158808_JURKAT_SMART-seq.hg38_avsnp147_dropped, and output file with other variants is written to ../temp/JURKAT_SMART/folder_int_files/Filter_annovar_dbsnp_fil_SRR8158808_JURKAT_SMART-seq.hg38_avsnp147_filtered
NOTICE: Processing next batch with 1563 unique variants in 1563 input lines
NOTICE: Database index loaded. Total number of bins is 27843692 and the number of bins to be scanned is 1530
NOTICE: Scanning filter database /home/ns362/park_lab/Ning/software/annovar/humandb/hg38_avsnp147.txt...Done
NOTICE: the --dbtype generic is assumed to be in generic ANNOVAR database format
NOTICE: Output file with variants matching filtering criteria is written to ../temp/JURKAT_SMART/folder_int_files/Filter_annovar_rnaedit_fil_SRR8158808_JURKAT_SMART-seq.hg38_generic_dropped, and output file with other variants is written to ../temp/JURKAT_SMART/folder_int_files/Filter_annovar_rnaedit_fil_SRR8158808_JURKAT_SMART-seq.hg38_generic_filtered
NOTICE: Processing next batch with 1421 unique variants in 1421 input lines
NOTICE: Scanning filter database /home/ns362/park_lab/Ning/software/annovar/humandb/hg38_RNAedit.txt...Done
Testing overlap with 2nd caller ......
Start variant annotation......
NOTICE: Finished reading 13224 lines from VCF file
NOTICE: A total of 12979 locus in VCF file passed QC threshold, representing 11364 SNPs (8330 transitions and 3034 transversions) and 1624 indels/substitutions
NOTICE: Finished writing 11364 SNP genotypes (8330 transitions and 3034 transversions) and 1624 indels/substitutions for 1 sample
NOTICE: The --geneanno operation is set to ON by default
NOTICE: Output files are written to ../temp/JURKAT_SMART/folder_int_files/Input_annovar_ensGeneAnnot_SRR8158809_JURKAT_SMART-seq.variant_function, ../temp/JURKAT_SMART/folder_int_files/Input_annovar_ensGeneAnnot_SRR8158809_JURKAT_SMART-seq.exonic_variant_function
NOTICE: Reading gene annotation from /home/ns362/park_lab/Ning/software/annovar/humandb/hg38_ensGene.txt ... Done with 89732 transcripts (including 28806 without coding sequence annotation) for 42087 unique genes
NOTICE: Processing next batch with 12921 unique variants in 12921 input lines
NOTICE: Reading FASTA sequences from /home/ns362/park_lab/Ning/software/annovar/humandb/hg38_ensGeneMrna.fa ... Done with 5673 sequences
WARNING: A total of 1931 sequences cannot be found in /home/ns362/park_lab/Ning/software/annovar/humandb/hg38_ensGeneMrna.fa
 (example: ENST00000361383.10#20#37694005 ENST00000264156.2#2#135839625 ENST00000374490.7#1#23801884)
WARNING: A total of 385 sequences will be ignored due to lack of correct ORF annotation
Start common SNP filter ......
NOTICE: Output file with variants matching filtering criteria is written to ../temp/JURKAT_SMART/folder_int_files/Filter_annovar_gnomad_fil_SRR8158809_JURKAT_SMART-seq.hg38_gnomad30_genome_dropped, and output file with other variants is written to ../temp/JURKAT_SMART/folder_int_files/Filter_annovar_gnomad_fil_SRR8158809_JURKAT_SMART-seq.hg38_gnomad30_genome_filtered
NOTICE: Processing next batch with 4392 unique variants in 4392 input lines
NOTICE: Database index loaded. Total number of bins is 2860873 and the number of bins to be scanned is 3812
NOTICE: Scanning filter database /home/ns362/park_lab/Ning/software/annovar/humandb/hg38_gnomad30_genome.txt...Done
NOTICE: Output file with variants matching filtering criteria is written to ../temp/JURKAT_SMART/folder_int_files/Filter_annovar_dbsnp_fil_SRR8158809_JURKAT_SMART-seq.hg38_avsnp147_dropped, and output file with other variants is written to ../temp/JURKAT_SMART/folder_int_files/Filter_annovar_dbsnp_fil_SRR8158809_JURKAT_SMART-seq.hg38_avsnp147_filtered
NOTICE: Processing next batch with 1663 unique variants in 1663 input lines
NOTICE: Database index loaded. Total number of bins is 27843692 and the number of bins to be scanned is 1621
NOTICE: Scanning filter database /home/ns362/park_lab/Ning/software/annovar/humandb/hg38_avsnp147.txt...Done
NOTICE: the --dbtype generic is assumed to be in generic ANNOVAR database format
NOTICE: Output file with variants matching filtering criteria is written to ../temp/JURKAT_SMART/folder_int_files/Filter_annovar_rnaedit_fil_SRR8158809_JURKAT_SMART-seq.hg38_generic_dropped, and output file with other variants is written to ../temp/JURKAT_SMART/folder_int_files/Filter_annovar_rnaedit_fil_SRR8158809_JURKAT_SMART-seq.hg38_generic_filtered
NOTICE: Processing next batch with 1509 unique variants in 1509 input lines
NOTICE: Scanning filter database /home/ns362/park_lab/Ning/software/annovar/humandb/hg38_RNAedit.txt...Done
Testing overlap with 2nd caller ......
Start variant annotation......
NOTICE: Finished reading 8808 lines from VCF file
NOTICE: A total of 8563 locus in VCF file passed QC threshold, representing 7760 SNPs (5833 transitions and 1927 transversions) and 806 indels/substitutions
NOTICE: Finished writing 7760 SNP genotypes (5833 transitions and 1927 transversions) and 806 indels/substitutions for 1 sample
NOTICE: The --geneanno operation is set to ON by default
NOTICE: Output files are written to ../temp/JURKAT_SMART/folder_int_files/Input_annovar_ensGeneAnnot_SRR8158810_JURKAT_SMART-seq.variant_function, ../temp/JURKAT_SMART/folder_int_files/Input_annovar_ensGeneAnnot_SRR8158810_JURKAT_SMART-seq.exonic_variant_function
NOTICE: Reading gene annotation from /home/ns362/park_lab/Ning/software/annovar/humandb/hg38_ensGene.txt ... Done with 89732 transcripts (including 28806 without coding sequence annotation) for 42087 unique genes
NOTICE: Processing next batch with 8525 unique variants in 8525 input lines
NOTICE: Reading FASTA sequences from /home/ns362/park_lab/Ning/software/annovar/humandb/hg38_ensGeneMrna.fa ... Done with 4338 sequences
WARNING: A total of 1541 sequences cannot be found in /home/ns362/park_lab/Ning/software/annovar/humandb/hg38_ensGeneMrna.fa
 (example: ENST00000215730.11#22#20858982 ENST00000310118.8#3#184298708 ENST00000528667.5#1#109619884)
WARNING: A total of 385 sequences will be ignored due to lack of correct ORF annotation
Start common SNP filter ......
NOTICE: Output file with variants matching filtering criteria is written to ../temp/JURKAT_SMART/folder_int_files/Filter_annovar_gnomad_fil_SRR8158810_JURKAT_SMART-seq.hg38_gnomad30_genome_dropped, and output file with other variants is written to ../temp/JURKAT_SMART/folder_int_files/Filter_annovar_gnomad_fil_SRR8158810_JURKAT_SMART-seq.hg38_gnomad30_genome_filtered
NOTICE: Processing next batch with 3138 unique variants in 3138 input lines
NOTICE: Database index loaded. Total number of bins is 2860873 and the number of bins to be scanned is 2795
NOTICE: Scanning filter database /home/ns362/park_lab/Ning/software/annovar/humandb/hg38_gnomad30_genome.txt...Done
NOTICE: Output file with variants matching filtering criteria is written to ../temp/JURKAT_SMART/folder_int_files/Filter_annovar_dbsnp_fil_SRR8158810_JURKAT_SMART-seq.hg38_avsnp147_dropped, and output file with other variants is written to ../temp/JURKAT_SMART/folder_int_files/Filter_annovar_dbsnp_fil_SRR8158810_JURKAT_SMART-seq.hg38_avsnp147_filtered
NOTICE: Processing next batch with 986 unique variants in 986 input lines
NOTICE: Database index loaded. Total number of bins is 27843692 and the number of bins to be scanned is 963
NOTICE: Scanning filter database /home/ns362/park_lab/Ning/software/annovar/humandb/hg38_avsnp147.txt...Done
NOTICE: the --dbtype generic is assumed to be in generic ANNOVAR database format
NOTICE: Output file with variants matching filtering criteria is written to ../temp/JURKAT_SMART/folder_int_files/Filter_annovar_rnaedit_fil_SRR8158810_JURKAT_SMART-seq.hg38_generic_dropped, and output file with other variants is written to ../temp/JURKAT_SMART/folder_int_files/Filter_annovar_rnaedit_fil_SRR8158810_JURKAT_SMART-seq.hg38_generic_filtered
NOTICE: Processing next batch with 909 unique variants in 909 input lines
NOTICE: Scanning filter database /home/ns362/park_lab/Ning/software/annovar/humandb/hg38_RNAedit.txt...Done
Testing overlap with 2nd caller ......
Start variant annotation......
NOTICE: Finished reading 14146 lines from VCF file
NOTICE: A total of 13901 locus in VCF file passed QC threshold, representing 12377 SNPs (9194 transitions and 3183 transversions) and 1533 indels/substitutions
NOTICE: Finished writing 12377 SNP genotypes (9194 transitions and 3183 transversions) and 1533 indels/substitutions for 1 sample
NOTICE: The --geneanno operation is set to ON by default
NOTICE: Output files are written to ../temp/JURKAT_SMART/folder_int_files/Input_annovar_ensGeneAnnot_SRR8158811_JURKAT_SMART-seq.variant_function, ../temp/JURKAT_SMART/folder_int_files/Input_annovar_ensGeneAnnot_SRR8158811_JURKAT_SMART-seq.exonic_variant_function
NOTICE: Reading gene annotation from /home/ns362/park_lab/Ning/software/annovar/humandb/hg38_ensGene.txt ... Done with 89732 transcripts (including 28806 without coding sequence annotation) for 42087 unique genes
NOTICE: Processing next batch with 13854 unique variants in 13854 input lines
NOTICE: Reading FASTA sequences from /home/ns362/park_lab/Ning/software/annovar/humandb/hg38_ensGeneMrna.fa ... Done with 6325 sequences
WARNING: A total of 2124 sequences cannot be found in /home/ns362/park_lab/Ning/software/annovar/humandb/hg38_ensGeneMrna.fa
 (example: ENST00000356183.8#16#27460677 ENST00000304414.11#16#18791666 ENST00000217901.9#X#153785765)
WARNING: A total of 385 sequences will be ignored due to lack of correct ORF annotation
Start common SNP filter ......
NOTICE: Output file with variants matching filtering criteria is written to ../temp/JURKAT_SMART/folder_int_files/Filter_annovar_gnomad_fil_SRR8158811_JURKAT_SMART-seq.hg38_gnomad30_genome_dropped, and output file with other variants is written to ../temp/JURKAT_SMART/folder_int_files/Filter_annovar_gnomad_fil_SRR8158811_JURKAT_SMART-seq.hg38_gnomad30_genome_filtered
NOTICE: Processing next batch with 4694 unique variants in 4694 input lines
NOTICE: Database index loaded. Total number of bins is 2860873 and the number of bins to be scanned is 4127
NOTICE: Scanning filter database /home/ns362/park_lab/Ning/software/annovar/humandb/hg38_gnomad30_genome.txt...Done
NOTICE: Output file with variants matching filtering criteria is written to ../temp/JURKAT_SMART/folder_int_files/Filter_annovar_dbsnp_fil_SRR8158811_JURKAT_SMART-seq.hg38_avsnp147_dropped, and output file with other variants is written to ../temp/JURKAT_SMART/folder_int_files/Filter_annovar_dbsnp_fil_SRR8158811_JURKAT_SMART-seq.hg38_avsnp147_filtered
NOTICE: Processing next batch with 1599 unique variants in 1599 input lines
NOTICE: Database index loaded. Total number of bins is 27843692 and the number of bins to be scanned is 1552
NOTICE: Scanning filter database /home/ns362/park_lab/Ning/software/annovar/humandb/hg38_avsnp147.txt...Done
NOTICE: the --dbtype generic is assumed to be in generic ANNOVAR database format
NOTICE: Output file with variants matching filtering criteria is written to ../temp/JURKAT_SMART/folder_int_files/Filter_annovar_rnaedit_fil_SRR8158811_JURKAT_SMART-seq.hg38_generic_dropped, and output file with other variants is written to ../temp/JURKAT_SMART/folder_int_files/Filter_annovar_rnaedit_fil_SRR8158811_JURKAT_SMART-seq.hg38_generic_filtered
NOTICE: Processing next batch with 1453 unique variants in 1453 input lines
NOTICE: Scanning filter database /home/ns362/park_lab/Ning/software/annovar/humandb/hg38_RNAedit.txt...Done
Testing overlap with 2nd caller ......
Start variant annotation......
NOTICE: Finished reading 12556 lines from VCF file
NOTICE: A total of 12311 locus in VCF file passed QC threshold, representing 11137 SNPs (8361 transitions and 2776 transversions) and 1174 indels/substitutions
NOTICE: Finished writing 11137 SNP genotypes (8361 transitions and 2776 transversions) and 1174 indels/substitutions for 1 sample
NOTICE: The --geneanno operation is set to ON by default
NOTICE: Output files are written to ../temp/JURKAT_SMART/folder_int_files/Input_annovar_ensGeneAnnot_SRR8158812_JURKAT_SMART-seq.variant_function, ../temp/JURKAT_SMART/folder_int_files/Input_annovar_ensGeneAnnot_SRR8158812_JURKAT_SMART-seq.exonic_variant_function
NOTICE: Reading gene annotation from /home/ns362/park_lab/Ning/software/annovar/humandb/hg38_ensGene.txt ... Done with 89732 transcripts (including 28806 without coding sequence annotation) for 42087 unique genes
NOTICE: Processing next batch with 12274 unique variants in 12274 input lines
NOTICE: Reading FASTA sequences from /home/ns362/park_lab/Ning/software/annovar/humandb/hg38_ensGeneMrna.fa ... Done with 6095 sequences
WARNING: A total of 2154 sequences cannot be found in /home/ns362/park_lab/Ning/software/annovar/humandb/hg38_ensGeneMrna.fa
 (example: ENST00000261250.7#12#4487727 ENST00000393366.6#17#48892816 ENST00000260665.11#2#43886507)
WARNING: A total of 385 sequences will be ignored due to lack of correct ORF annotation
Start common SNP filter ......
NOTICE: Output file with variants matching filtering criteria is written to ../temp/JURKAT_SMART/folder_int_files/Filter_annovar_gnomad_fil_SRR8158812_JURKAT_SMART-seq.hg38_gnomad30_genome_dropped, and output file with other variants is written to ../temp/JURKAT_SMART/folder_int_files/Filter_annovar_gnomad_fil_SRR8158812_JURKAT_SMART-seq.hg38_gnomad30_genome_filtered
NOTICE: Processing next batch with 4640 unique variants in 4640 input lines
NOTICE: Database index loaded. Total number of bins is 2860873 and the number of bins to be scanned is 4060
NOTICE: Scanning filter database /home/ns362/park_lab/Ning/software/annovar/humandb/hg38_gnomad30_genome.txt...Done
NOTICE: Output file with variants matching filtering criteria is written to ../temp/JURKAT_SMART/folder_int_files/Filter_annovar_dbsnp_fil_SRR8158812_JURKAT_SMART-seq.hg38_avsnp147_dropped, and output file with other variants is written to ../temp/JURKAT_SMART/folder_int_files/Filter_annovar_dbsnp_fil_SRR8158812_JURKAT_SMART-seq.hg38_avsnp147_filtered
NOTICE: Processing next batch with 1538 unique variants in 1538 input lines
NOTICE: Database index loaded. Total number of bins is 27843692 and the number of bins to be scanned is 1507
NOTICE: Scanning filter database /home/ns362/park_lab/Ning/software/annovar/humandb/hg38_avsnp147.txt...Done
NOTICE: the --dbtype generic is assumed to be in generic ANNOVAR database format
NOTICE: Output file with variants matching filtering criteria is written to ../temp/JURKAT_SMART/folder_int_files/Filter_annovar_rnaedit_fil_SRR8158812_JURKAT_SMART-seq.hg38_generic_dropped, and output file with other variants is written to ../temp/JURKAT_SMART/folder_int_files/Filter_annovar_rnaedit_fil_SRR8158812_JURKAT_SMART-seq.hg38_generic_filtered
NOTICE: Processing next batch with 1395 unique variants in 1395 input lines
NOTICE: Scanning filter database /home/ns362/park_lab/Ning/software/annovar/humandb/hg38_RNAedit.txt...Done
Testing overlap with 2nd caller ......
Start variant annotation......
NOTICE: Finished reading 11281 lines from VCF file
NOTICE: A total of 11036 locus in VCF file passed QC threshold, representing 9946 SNPs (7486 transitions and 2460 transversions) and 1093 indels/substitutions
NOTICE: Finished writing 9946 SNP genotypes (7486 transitions and 2460 transversions) and 1093 indels/substitutions for 1 sample
NOTICE: The --geneanno operation is set to ON by default
NOTICE: Output files are written to ../temp/JURKAT_SMART/folder_int_files/Input_annovar_ensGeneAnnot_SRR8158813_JURKAT_SMART-seq.variant_function, ../temp/JURKAT_SMART/folder_int_files/Input_annovar_ensGeneAnnot_SRR8158813_JURKAT_SMART-seq.exonic_variant_function
NOTICE: Reading gene annotation from /home/ns362/park_lab/Ning/software/annovar/humandb/hg38_ensGene.txt ... Done with 89732 transcripts (including 28806 without coding sequence annotation) for 42087 unique genes
NOTICE: Processing next batch with 10986 unique variants in 10986 input lines
NOTICE: Reading FASTA sequences from /home/ns362/park_lab/Ning/software/annovar/humandb/hg38_ensGeneMrna.fa ... Done with 5214 sequences
WARNING: A total of 1809 sequences cannot be found in /home/ns362/park_lab/Ning/software/annovar/humandb/hg38_ensGeneMrna.fa
 (example: ENST00000317040.11#19#17419080 ENST00000381072.5#10#3129006 ENST00000290039.5#1#64470791)
WARNING: A total of 385 sequences will be ignored due to lack of correct ORF annotation
Start common SNP filter ......
NOTICE: Output file with variants matching filtering criteria is written to ../temp/JURKAT_SMART/folder_int_files/Filter_annovar_gnomad_fil_SRR8158813_JURKAT_SMART-seq.hg38_gnomad30_genome_dropped, and output file with other variants is written to ../temp/JURKAT_SMART/folder_int_files/Filter_annovar_gnomad_fil_SRR8158813_JURKAT_SMART-seq.hg38_gnomad30_genome_filtered
NOTICE: Processing next batch with 3666 unique variants in 3666 input lines
NOTICE: Database index loaded. Total number of bins is 2860873 and the number of bins to be scanned is 3322
NOTICE: Scanning filter database /home/ns362/park_lab/Ning/software/annovar/humandb/hg38_gnomad30_genome.txt...Done
NOTICE: Output file with variants matching filtering criteria is written to ../temp/JURKAT_SMART/folder_int_files/Filter_annovar_dbsnp_fil_SRR8158813_JURKAT_SMART-seq.hg38_avsnp147_dropped, and output file with other variants is written to ../temp/JURKAT_SMART/folder_int_files/Filter_annovar_dbsnp_fil_SRR8158813_JURKAT_SMART-seq.hg38_avsnp147_filtered
NOTICE: Processing next batch with 1155 unique variants in 1155 input lines
NOTICE: Database index loaded. Total number of bins is 27843692 and the number of bins to be scanned is 1136
NOTICE: Scanning filter database /home/ns362/park_lab/Ning/software/annovar/humandb/hg38_avsnp147.txt...Done
NOTICE: the --dbtype generic is assumed to be in generic ANNOVAR database format
NOTICE: Output file with variants matching filtering criteria is written to ../temp/JURKAT_SMART/folder_int_files/Filter_annovar_rnaedit_fil_SRR8158813_JURKAT_SMART-seq.hg38_generic_dropped, and output file with other variants is written to ../temp/JURKAT_SMART/folder_int_files/Filter_annovar_rnaedit_fil_SRR8158813_JURKAT_SMART-seq.hg38_generic_filtered
NOTICE: Processing next batch with 1036 unique variants in 1036 input lines
NOTICE: Scanning filter database /home/ns362/park_lab/Ning/software/annovar/humandb/hg38_RNAedit.txt...Done
Testing overlap with 2nd caller ......
Start variant annotation......
NOTICE: Finished reading 5910 lines from VCF file
NOTICE: A total of 5665 locus in VCF file passed QC threshold, representing 5175 SNPs (3935 transitions and 1240 transversions) and 490 indels/substitutions
NOTICE: Finished writing 5175 SNP genotypes (3935 transitions and 1240 transversions) and 490 indels/substitutions for 1 sample
NOTICE: The --geneanno operation is set to ON by default
NOTICE: Output files are written to ../temp/JURKAT_SMART/folder_int_files/Input_annovar_ensGeneAnnot_SRR8158814_JURKAT_SMART-seq.variant_function, ../temp/JURKAT_SMART/folder_int_files/Input_annovar_ensGeneAnnot_SRR8158814_JURKAT_SMART-seq.exonic_variant_function
NOTICE: Reading gene annotation from /home/ns362/park_lab/Ning/software/annovar/humandb/hg38_ensGene.txt ... Done with 89732 transcripts (including 28806 without coding sequence annotation) for 42087 unique genes
NOTICE: Processing next batch with 5637 unique variants in 5637 input lines
NOTICE: Reading FASTA sequences from /home/ns362/park_lab/Ning/software/annovar/humandb/hg38_ensGeneMrna.fa ... Done with 3696 sequences
WARNING: A total of 1208 sequences cannot be found in /home/ns362/park_lab/Ning/software/annovar/humandb/hg38_ensGeneMrna.fa
 (example: ENST00000241052.4#11#34438924 ENST00000283254.11#2#165087529 ENST00000338193.10#12#56731621)
WARNING: A total of 385 sequences will be ignored due to lack of correct ORF annotation
Start common SNP filter ......
NOTICE: Output file with variants matching filtering criteria is written to ../temp/JURKAT_SMART/folder_int_files/Filter_annovar_gnomad_fil_SRR8158814_JURKAT_SMART-seq.hg38_gnomad30_genome_dropped, and output file with other variants is written to ../temp/JURKAT_SMART/folder_int_files/Filter_annovar_gnomad_fil_SRR8158814_JURKAT_SMART-seq.hg38_gnomad30_genome_filtered
NOTICE: Processing next batch with 2264 unique variants in 2264 input lines
NOTICE: Database index loaded. Total number of bins is 2860873 and the number of bins to be scanned is 2069
NOTICE: Scanning filter database /home/ns362/park_lab/Ning/software/annovar/humandb/hg38_gnomad30_genome.txt...Done
NOTICE: Output file with variants matching filtering criteria is written to ../temp/JURKAT_SMART/folder_int_files/Filter_annovar_dbsnp_fil_SRR8158814_JURKAT_SMART-seq.hg38_avsnp147_dropped, and output file with other variants is written to ../temp/JURKAT_SMART/folder_int_files/Filter_annovar_dbsnp_fil_SRR8158814_JURKAT_SMART-seq.hg38_avsnp147_filtered
NOTICE: Processing next batch with 692 unique variants in 692 input lines
NOTICE: Database index loaded. Total number of bins is 27843692 and the number of bins to be scanned is 676
NOTICE: Scanning filter database /home/ns362/park_lab/Ning/software/annovar/humandb/hg38_avsnp147.txt...Done
NOTICE: the --dbtype generic is assumed to be in generic ANNOVAR database format
NOTICE: Output file with variants matching filtering criteria is written to ../temp/JURKAT_SMART/folder_int_files/Filter_annovar_rnaedit_fil_SRR8158814_JURKAT_SMART-seq.hg38_generic_dropped, and output file with other variants is written to ../temp/JURKAT_SMART/folder_int_files/Filter_annovar_rnaedit_fil_SRR8158814_JURKAT_SMART-seq.hg38_generic_filtered
NOTICE: Processing next batch with 624 unique variants in 624 input lines
NOTICE: Scanning filter database /home/ns362/park_lab/Ning/software/annovar/humandb/hg38_RNAedit.txt...Done
Testing overlap with 2nd caller ......
Start variant annotation......
NOTICE: Finished reading 11219 lines from VCF file
NOTICE: A total of 10974 locus in VCF file passed QC threshold, representing 9782 SNPs (7182 transitions and 2600 transversions) and 1194 indels/substitutions
NOTICE: Finished writing 9782 SNP genotypes (7182 transitions and 2600 transversions) and 1194 indels/substitutions for 1 sample
NOTICE: The --geneanno operation is set to ON by default
NOTICE: Output files are written to ../temp/JURKAT_SMART/folder_int_files/Input_annovar_ensGeneAnnot_SRR8158815_JURKAT_SMART-seq.variant_function, ../temp/JURKAT_SMART/folder_int_files/Input_annovar_ensGeneAnnot_SRR8158815_JURKAT_SMART-seq.exonic_variant_function
NOTICE: Reading gene annotation from /home/ns362/park_lab/Ning/software/annovar/humandb/hg38_ensGene.txt ... Done with 89732 transcripts (including 28806 without coding sequence annotation) for 42087 unique genes
NOTICE: Processing next batch with 10915 unique variants in 10915 input lines
NOTICE: Reading FASTA sequences from /home/ns362/park_lab/Ning/software/annovar/humandb/hg38_ensGeneMrna.fa ... Done with 5372 sequences
WARNING: A total of 1852 sequences cannot be found in /home/ns362/park_lab/Ning/software/annovar/humandb/hg38_ensGeneMrna.fa
 (example: ENST00000311469.8#4#83263823 ENST00000369407.3#1#119719626 ENST00000344595.9#17#2303703)
WARNING: A total of 385 sequences will be ignored due to lack of correct ORF annotation
Start common SNP filter ......
NOTICE: Output file with variants matching filtering criteria is written to ../temp/JURKAT_SMART/folder_int_files/Filter_annovar_gnomad_fil_SRR8158815_JURKAT_SMART-seq.hg38_gnomad30_genome_dropped, and output file with other variants is written to ../temp/JURKAT_SMART/folder_int_files/Filter_annovar_gnomad_fil_SRR8158815_JURKAT_SMART-seq.hg38_gnomad30_genome_filtered
NOTICE: Processing next batch with 3875 unique variants in 3875 input lines
NOTICE: Database index loaded. Total number of bins is 2860873 and the number of bins to be scanned is 3392
NOTICE: Scanning filter database /home/ns362/park_lab/Ning/software/annovar/humandb/hg38_gnomad30_genome.txt...Done
NOTICE: Output file with variants matching filtering criteria is written to ../temp/JURKAT_SMART/folder_int_files/Filter_annovar_dbsnp_fil_SRR8158815_JURKAT_SMART-seq.hg38_avsnp147_dropped, and output file with other variants is written to ../temp/JURKAT_SMART/folder_int_files/Filter_annovar_dbsnp_fil_SRR8158815_JURKAT_SMART-seq.hg38_avsnp147_filtered
NOTICE: Processing next batch with 1379 unique variants in 1379 input lines
NOTICE: Database index loaded. Total number of bins is 27843692 and the number of bins to be scanned is 1329
NOTICE: Scanning filter database /home/ns362/park_lab/Ning/software/annovar/humandb/hg38_avsnp147.txt...Done
NOTICE: the --dbtype generic is assumed to be in generic ANNOVAR database format
NOTICE: Output file with variants matching filtering criteria is written to ../temp/JURKAT_SMART/folder_int_files/Filter_annovar_rnaedit_fil_SRR8158815_JURKAT_SMART-seq.hg38_generic_dropped, and output file with other variants is written to ../temp/JURKAT_SMART/folder_int_files/Filter_annovar_rnaedit_fil_SRR8158815_JURKAT_SMART-seq.hg38_generic_filtered
NOTICE: Processing next batch with 1266 unique variants in 1266 input lines
NOTICE: Scanning filter database /home/ns362/park_lab/Ning/software/annovar/humandb/hg38_RNAedit.txt...Done
Testing overlap with 2nd caller ......
Start variant annotation......
NOTICE: Finished reading 18545 lines from VCF file
NOTICE: A total of 18300 locus in VCF file passed QC threshold, representing 16208 SNPs (12218 transitions and 3990 transversions) and 2101 indels/substitutions
NOTICE: Finished writing 16208 SNP genotypes (12218 transitions and 3990 transversions) and 2101 indels/substitutions for 1 sample
NOTICE: The --geneanno operation is set to ON by default
NOTICE: Output files are written to ../temp/JURKAT_SMART/folder_int_files/Input_annovar_ensGeneAnnot_SRR8158823_JURKAT_SMART-seq.variant_function, ../temp/JURKAT_SMART/folder_int_files/Input_annovar_ensGeneAnnot_SRR8158823_JURKAT_SMART-seq.exonic_variant_function
NOTICE: Reading gene annotation from /home/ns362/park_lab/Ning/software/annovar/humandb/hg38_ensGene.txt ... Done with 89732 transcripts (including 28806 without coding sequence annotation) for 42087 unique genes
NOTICE: Processing next batch with 18267 unique variants in 18267 input lines
NOTICE: Reading FASTA sequences from /home/ns362/park_lab/Ning/software/annovar/humandb/hg38_ensGeneMrna.fa ... Done with 7395 sequences
WARNING: A total of 2525 sequences cannot be found in /home/ns362/park_lab/Ning/software/annovar/humandb/hg38_ensGeneMrna.fa
 (example: ENST00000437198.6#16#14435700 ENST00000274458.8#5#116084990 ENST00000270517.11#19#11505915)
WARNING: A total of 385 sequences will be ignored due to lack of correct ORF annotation
Start common SNP filter ......
NOTICE: Output file with variants matching filtering criteria is written to ../temp/JURKAT_SMART/folder_int_files/Filter_annovar_gnomad_fil_SRR8158823_JURKAT_SMART-seq.hg38_gnomad30_genome_dropped, and output file with other variants is written to ../temp/JURKAT_SMART/folder_int_files/Filter_annovar_gnomad_fil_SRR8158823_JURKAT_SMART-seq.hg38_gnomad30_genome_filtered
NOTICE: Processing next batch with 6114 unique variants in 6114 input lines
NOTICE: Database index loaded. Total number of bins is 2860873 and the number of bins to be scanned is 5282
NOTICE: Scanning filter database /home/ns362/park_lab/Ning/software/annovar/humandb/hg38_gnomad30_genome.txt...Done
NOTICE: Output file with variants matching filtering criteria is written to ../temp/JURKAT_SMART/folder_int_files/Filter_annovar_dbsnp_fil_SRR8158823_JURKAT_SMART-seq.hg38_avsnp147_dropped, and output file with other variants is written to ../temp/JURKAT_SMART/folder_int_files/Filter_annovar_dbsnp_fil_SRR8158823_JURKAT_SMART-seq.hg38_avsnp147_filtered
NOTICE: Processing next batch with 2194 unique variants in 2194 input lines
NOTICE: Database index loaded. Total number of bins is 27843692 and the number of bins to be scanned is 2134
NOTICE: Scanning filter database /home/ns362/park_lab/Ning/software/annovar/humandb/hg38_avsnp147.txt...Done
NOTICE: the --dbtype generic is assumed to be in generic ANNOVAR database format
NOTICE: Output file with variants matching filtering criteria is written to ../temp/JURKAT_SMART/folder_int_files/Filter_annovar_rnaedit_fil_SRR8158823_JURKAT_SMART-seq.hg38_generic_dropped, and output file with other variants is written to ../temp/JURKAT_SMART/folder_int_files/Filter_annovar_rnaedit_fil_SRR8158823_JURKAT_SMART-seq.hg38_generic_filtered
NOTICE: Processing next batch with 2008 unique variants in 2008 input lines
NOTICE: Scanning filter database /home/ns362/park_lab/Ning/software/annovar/humandb/hg38_RNAedit.txt...Done
Testing overlap with 2nd caller ......
Start variant annotation......
NOTICE: Finished reading 12973 lines from VCF file
NOTICE: A total of 12728 locus in VCF file passed QC threshold, representing 11351 SNPs (8522 transitions and 2829 transversions) and 1381 indels/substitutions
NOTICE: Finished writing 11351 SNP genotypes (8522 transitions and 2829 transversions) and 1381 indels/substitutions for 1 sample
NOTICE: The --geneanno operation is set to ON by default
NOTICE: Output files are written to ../temp/JURKAT_SMART/folder_int_files/Input_annovar_ensGeneAnnot_SRR8158824_JURKAT_SMART-seq.variant_function, ../temp/JURKAT_SMART/folder_int_files/Input_annovar_ensGeneAnnot_SRR8158824_JURKAT_SMART-seq.exonic_variant_function
NOTICE: Reading gene annotation from /home/ns362/park_lab/Ning/software/annovar/humandb/hg38_ensGene.txt ... Done with 89732 transcripts (including 28806 without coding sequence annotation) for 42087 unique genes
NOTICE: Processing next batch with 12693 unique variants in 12693 input lines
NOTICE: Reading FASTA sequences from /home/ns362/park_lab/Ning/software/annovar/humandb/hg38_ensGeneMrna.fa ... Done with 5901 sequences
WARNING: A total of 2097 sequences cannot be found in /home/ns362/park_lab/Ning/software/annovar/humandb/hg38_ensGeneMrna.fa
 (example: ENST00000267750.8#15#34224998 ENST00000222214.9#19#12891025 ENST00000222574.8#7#107169014)
WARNING: A total of 385 sequences will be ignored due to lack of correct ORF annotation
Start common SNP filter ......
NOTICE: Output file with variants matching filtering criteria is written to ../temp/JURKAT_SMART/folder_int_files/Filter_annovar_gnomad_fil_SRR8158824_JURKAT_SMART-seq.hg38_gnomad30_genome_dropped, and output file with other variants is written to ../temp/JURKAT_SMART/folder_int_files/Filter_annovar_gnomad_fil_SRR8158824_JURKAT_SMART-seq.hg38_gnomad30_genome_filtered
NOTICE: Processing next batch with 4516 unique variants in 4516 input lines
NOTICE: Database index loaded. Total number of bins is 2860873 and the number of bins to be scanned is 3980
NOTICE: Scanning filter database /home/ns362/park_lab/Ning/software/annovar/humandb/hg38_gnomad30_genome.txt...Done
NOTICE: Output file with variants matching filtering criteria is written to ../temp/JURKAT_SMART/folder_int_files/Filter_annovar_dbsnp_fil_SRR8158824_JURKAT_SMART-seq.hg38_avsnp147_dropped, and output file with other variants is written to ../temp/JURKAT_SMART/folder_int_files/Filter_annovar_dbsnp_fil_SRR8158824_JURKAT_SMART-seq.hg38_avsnp147_filtered
NOTICE: Processing next batch with 1518 unique variants in 1518 input lines
NOTICE: Database index loaded. Total number of bins is 27843692 and the number of bins to be scanned is 1474
NOTICE: Scanning filter database /home/ns362/park_lab/Ning/software/annovar/humandb/hg38_avsnp147.txt...Done
NOTICE: the --dbtype generic is assumed to be in generic ANNOVAR database format
NOTICE: Output file with variants matching filtering criteria is written to ../temp/JURKAT_SMART/folder_int_files/Filter_annovar_rnaedit_fil_SRR8158824_JURKAT_SMART-seq.hg38_generic_dropped, and output file with other variants is written to ../temp/JURKAT_SMART/folder_int_files/Filter_annovar_rnaedit_fil_SRR8158824_JURKAT_SMART-seq.hg38_generic_filtered
NOTICE: Processing next batch with 1371 unique variants in 1371 input lines
NOTICE: Scanning filter database /home/ns362/park_lab/Ning/software/annovar/humandb/hg38_RNAedit.txt...Done
Testing overlap with 2nd caller ......
Start variant annotation......
NOTICE: Finished reading 21736 lines from VCF file
NOTICE: A total of 21491 locus in VCF file passed QC threshold, representing 18870 SNPs (13950 transitions and 4920 transversions) and 2631 indels/substitutions
NOTICE: Finished writing 18870 SNP genotypes (13950 transitions and 4920 transversions) and 2631 indels/substitutions for 1 sample
NOTICE: The --geneanno operation is set to ON by default
NOTICE: Output files are written to ../temp/JURKAT_SMART/folder_int_files/Input_annovar_ensGeneAnnot_SRR8158825_JURKAT_SMART-seq.variant_function, ../temp/JURKAT_SMART/folder_int_files/Input_annovar_ensGeneAnnot_SRR8158825_JURKAT_SMART-seq.exonic_variant_function
NOTICE: Reading gene annotation from /home/ns362/park_lab/Ning/software/annovar/humandb/hg38_ensGene.txt ... Done with 89732 transcripts (including 28806 without coding sequence annotation) for 42087 unique genes
NOTICE: Processing next batch with 21404 unique variants in 21404 input lines
NOTICE: Reading FASTA sequences from /home/ns362/park_lab/Ning/software/annovar/humandb/hg38_ensGeneMrna.fa ... Done with 6493 sequences
WARNING: A total of 2291 sequences cannot be found in /home/ns362/park_lab/Ning/software/annovar/humandb/hg38_ensGeneMrna.fa
 (example: ENST00000336233.9#10#89213568 ENST00000308982.11#3#128879610 ENST00000005386.7#12#47661248)
WARNING: A total of 385 sequences will be ignored due to lack of correct ORF annotation
Start common SNP filter ......
NOTICE: Output file with variants matching filtering criteria is written to ../temp/JURKAT_SMART/folder_int_files/Filter_annovar_gnomad_fil_SRR8158825_JURKAT_SMART-seq.hg38_gnomad30_genome_dropped, and output file with other variants is written to ../temp/JURKAT_SMART/folder_int_files/Filter_annovar_gnomad_fil_SRR8158825_JURKAT_SMART-seq.hg38_gnomad30_genome_filtered
NOTICE: Processing next batch with 5322 unique variants in 5322 input lines
NOTICE: Database index loaded. Total number of bins is 2860873 and the number of bins to be scanned is 4586
NOTICE: Scanning filter database /home/ns362/park_lab/Ning/software/annovar/humandb/hg38_gnomad30_genome.txt...Done
NOTICE: Output file with variants matching filtering criteria is written to ../temp/JURKAT_SMART/folder_int_files/Filter_annovar_dbsnp_fil_SRR8158825_JURKAT_SMART-seq.hg38_avsnp147_dropped, and output file with other variants is written to ../temp/JURKAT_SMART/folder_int_files/Filter_annovar_dbsnp_fil_SRR8158825_JURKAT_SMART-seq.hg38_avsnp147_filtered
NOTICE: Processing next batch with 2092 unique variants in 2092 input lines
NOTICE: Database index loaded. Total number of bins is 27843692 and the number of bins to be scanned is 2017
NOTICE: Scanning filter database /home/ns362/park_lab/Ning/software/annovar/humandb/hg38_avsnp147.txt...Done
NOTICE: the --dbtype generic is assumed to be in generic ANNOVAR database format
NOTICE: Output file with variants matching filtering criteria is written to ../temp/JURKAT_SMART/folder_int_files/Filter_annovar_rnaedit_fil_SRR8158825_JURKAT_SMART-seq.hg38_generic_dropped, and output file with other variants is written to ../temp/JURKAT_SMART/folder_int_files/Filter_annovar_rnaedit_fil_SRR8158825_JURKAT_SMART-seq.hg38_generic_filtered
NOTICE: Processing next batch with 1905 unique variants in 1905 input lines
NOTICE: Scanning filter database /home/ns362/park_lab/Ning/software/annovar/humandb/hg38_RNAedit.txt...Done
Testing overlap with 2nd caller ......
Start variant annotation......
NOTICE: Finished reading 13210 lines from VCF file
NOTICE: A total of 12965 locus in VCF file passed QC threshold, representing 11351 SNPs (8446 transitions and 2905 transversions) and 1618 indels/substitutions
NOTICE: Finished writing 11351 SNP genotypes (8446 transitions and 2905 transversions) and 1618 indels/substitutions for 1 sample
NOTICE: The --geneanno operation is set to ON by default
NOTICE: Output files are written to ../temp/JURKAT_SMART/folder_int_files/Input_annovar_ensGeneAnnot_SRR8158826_JURKAT_SMART-seq.variant_function, ../temp/JURKAT_SMART/folder_int_files/Input_annovar_ensGeneAnnot_SRR8158826_JURKAT_SMART-seq.exonic_variant_function
NOTICE: Reading gene annotation from /home/ns362/park_lab/Ning/software/annovar/humandb/hg38_ensGene.txt ... Done with 89732 transcripts (including 28806 without coding sequence annotation) for 42087 unique genes
NOTICE: Processing next batch with 12934 unique variants in 12934 input lines
NOTICE: Reading FASTA sequences from /home/ns362/park_lab/Ning/software/annovar/humandb/hg38_ensGeneMrna.fa ... Done with 5368 sequences
WARNING: A total of 1903 sequences cannot be found in /home/ns362/park_lab/Ning/software/annovar/humandb/hg38_ensGeneMrna.fa
 (example: ENST00000377465.5#20#18508061 ENST00000342947.7#7#24698352 ENST00000305784.6#2#241675741)
WARNING: A total of 385 sequences will be ignored due to lack of correct ORF annotation
Start common SNP filter ......
NOTICE: Output file with variants matching filtering criteria is written to ../temp/JURKAT_SMART/folder_int_files/Filter_annovar_gnomad_fil_SRR8158826_JURKAT_SMART-seq.hg38_gnomad30_genome_dropped, and output file with other variants is written to ../temp/JURKAT_SMART/folder_int_files/Filter_annovar_gnomad_fil_SRR8158826_JURKAT_SMART-seq.hg38_gnomad30_genome_filtered
NOTICE: Processing next batch with 4077 unique variants in 4077 input lines
NOTICE: Database index loaded. Total number of bins is 2860873 and the number of bins to be scanned is 3603
NOTICE: Scanning filter database /home/ns362/park_lab/Ning/software/annovar/humandb/hg38_gnomad30_genome.txt...Done
NOTICE: Output file with variants matching filtering criteria is written to ../temp/JURKAT_SMART/folder_int_files/Filter_annovar_dbsnp_fil_SRR8158826_JURKAT_SMART-seq.hg38_avsnp147_dropped, and output file with other variants is written to ../temp/JURKAT_SMART/folder_int_files/Filter_annovar_dbsnp_fil_SRR8158826_JURKAT_SMART-seq.hg38_avsnp147_filtered
NOTICE: Processing next batch with 1454 unique variants in 1454 input lines
NOTICE: Database index loaded. Total number of bins is 27843692 and the number of bins to be scanned is 1418
NOTICE: Scanning filter database /home/ns362/park_lab/Ning/software/annovar/humandb/hg38_avsnp147.txt...Done
NOTICE: the --dbtype generic is assumed to be in generic ANNOVAR database format
NOTICE: Output file with variants matching filtering criteria is written to ../temp/JURKAT_SMART/folder_int_files/Filter_annovar_rnaedit_fil_SRR8158826_JURKAT_SMART-seq.hg38_generic_dropped, and output file with other variants is written to ../temp/JURKAT_SMART/folder_int_files/Filter_annovar_rnaedit_fil_SRR8158826_JURKAT_SMART-seq.hg38_generic_filtered
NOTICE: Processing next batch with 1323 unique variants in 1323 input lines
NOTICE: Scanning filter database /home/ns362/park_lab/Ning/software/annovar/humandb/hg38_RNAedit.txt...Done
Testing overlap with 2nd caller ......
Total number of variants passed QC is 6934
Testing recurrence of variants ......
